{"/Users/abdulrehan/Desktop/take-home-coding/src/index.ts": {"path":"/Users/abdulrehan/Desktop/take-home-coding/src/index.ts","statementMap":{"0":{"start":{"line":1,"column":0},"end":{"line":1,"column":80}},"1":{"start":{"line":2,"column":0},"end":{"line":2,"column":41}},"2":{"start":{"line":3,"column":0},"end":{"line":3,"column":37}},"3":{"start":{"line":5,"column":25},"end":{"line":5,"column":34}},"4":{"start":{"line":6,"column":13},"end":{"line":6,"column":24}},"5":{"start":{"line":8,"column":0},"end":{"line":8,"column":24}},"6":{"start":{"line":9,"column":0},"end":{"line":9,"column":24}},"7":{"start":{"line":12,"column":0},"end":{"line":17,"column":3}},"8":{"start":{"line":13,"column":4},"end":{"line":13,"column":29}},"9":{"start":{"line":14,"column":4},"end":{"line":16,"column":7}},"10":{"start":{"line":20,"column":0},"end":{"line":22,"column":3}},"11":{"start":{"line":21,"column":4},"end":{"line":21,"column":62}},"12":{"start":{"line":24,"column":0},"end":{"line":26,"column":3}},"13":{"start":{"line":25,"column":4},"end":{"line":25,"column":66}},"14":{"start":{"line":27,"column":0},"end":{"line":27,"column":19}}},"fnMap":{"0":{"name":"(anonymous_1)","decl":{"start":{"line":12,"column":8},"end":{"line":12,"column":9}},"loc":{"start":{"line":12,"column":70},"end":{"line":17,"column":1}}},"1":{"name":"(anonymous_2)","decl":{"start":{"line":20,"column":8},"end":{"line":20,"column":9}},"loc":{"start":{"line":20,"column":40},"end":{"line":22,"column":1}}},"2":{"name":"(anonymous_3)","decl":{"start":{"line":24,"column":17},"end":{"line":24,"column":20}},"loc":{"start":{"line":24,"column":22},"end":{"line":26,"column":1}}}},"branchMap":{"0":{"loc":{"start":{"line":14,"column":15},"end":{"line":14,"column":32}},"type":"binary-expr","locations":[{"start":{"line":14,"column":15},"end":{"line":14,"column":25}},{"start":{"line":14,"column":29},"end":{"line":14,"column":32}}]},"1":{"loc":{"start":{"line":15,"column":15},"end":{"line":15,"column":53}},"type":"binary-expr","locations":[{"start":{"line":15,"column":15},"end":{"line":15,"column":26}},{"start":{"line":15,"column":30},"end":{"line":15,"column":53}}]}},"s":{"0":1,"1":1,"2":1,"3":1,"4":1,"5":1,"6":1,"7":1,"8":0,"9":0,"10":1,"11":0,"12":1,"13":1,"14":1},"f":{"0":0,"1":0,"2":1},"b":{"0":[0,0],"1":[0,0]}}
,"/Users/abdulrehan/Desktop/take-home-coding/src/config/config.ts": {"path":"/Users/abdulrehan/Desktop/take-home-coding/src/config/config.ts","statementMap":{"0":{"start":{"line":1,"column":0},"end":{"line":1,"column":28}},"1":{"start":{"line":2,"column":0},"end":{"line":2,"column":16}},"2":{"start":{"line":4,"column":13},"end":{"line":7,"column":2}}},"fnMap":{},"branchMap":{"0":{"loc":{"start":{"line":5,"column":10},"end":{"line":5,"column":34}},"type":"binary-expr","locations":[{"start":{"line":5,"column":10},"end":{"line":5,"column":26}},{"start":{"line":5,"column":30},"end":{"line":5,"column":34}}]}},"s":{"0":1,"1":1,"2":1},"f":{},"b":{"0":[1,1]}}
,"/Users/abdulrehan/Desktop/take-home-coding/src/controller/movieDetails.controller.ts": {"path":"/Users/abdulrehan/Desktop/take-home-coding/src/controller/movieDetails.controller.ts","statementMap":{"0":{"start":{"line":2,"column":0},"end":{"line":2,"column":26}},"1":{"start":{"line":3,"column":0},"end":{"line":3,"column":42}},"2":{"start":{"line":6,"column":13},"end":{"line":9,"column":2}},"3":{"start":{"line":10,"column":18},"end":{"line":10,"column":47}},"4":{"start":{"line":11,"column":16},"end":{"line":16,"column":2}},"5":{"start":{"line":18,"column":31},"end":{"line":50,"column":2}},"6":{"start":{"line":18,"column":69},"end":{"line":50,"column":2}},"7":{"start":{"line":19,"column":27},"end":{"line":19,"column":36}},"8":{"start":{"line":20,"column":20},"end":{"line":20,"column":35}},"9":{"start":{"line":21,"column":24},"end":{"line":26,"column":6}},"10":{"start":{"line":28,"column":4},"end":{"line":49,"column":5}},"11":{"start":{"line":29,"column":26},"end":{"line":31,"column":null}},"12":{"start":{"line":34,"column":37},"end":{"line":43,"column":null}},"13":{"start":{"line":35,"column":60},"end":{"line":43,"column":14}},"14":{"start":{"line":36,"column":32},"end":{"line":36,"column":63}},"15":{"start":{"line":37,"column":16},"end":{"line":42,"column":18}},"16":{"start":{"line":45,"column":8},"end":{"line":45,"column":105}},"17":{"start":{"line":47,"column":8},"end":{"line":47,"column":27}},"18":{"start":{"line":48,"column":8},"end":{"line":48,"column":91}},"19":{"start":{"line":18,"column":13},"end":{"line":18,"column":31}},"20":{"start":{"line":52,"column":24},"end":{"line":68,"column":2}},"21":{"start":{"line":52,"column":50},"end":{"line":68,"column":2}},"22":{"start":{"line":53,"column":22},"end":{"line":53,"column":43}},"23":{"start":{"line":54,"column":4},"end":{"line":67,"column":5}},"24":{"start":{"line":55,"column":25},"end":{"line":57,"column":null}},"25":{"start":{"line":59,"column":24},"end":{"line":61,"column":46}},"26":{"start":{"line":60,"column":37},"end":{"line":60,"column":78}},"27":{"start":{"line":61,"column":34},"end":{"line":61,"column":45}},"28":{"start":{"line":63,"column":8},"end":{"line":63,"column":23}},"29":{"start":{"line":65,"column":8},"end":{"line":65,"column":27}},"30":{"start":{"line":66,"column":8},"end":{"line":66,"column":18}}},"fnMap":{"0":{"name":"(anonymous_8)","decl":{"start":{"line":18,"column":31},"end":{"line":18,"column":38}},"loc":{"start":{"line":18,"column":69},"end":{"line":50,"column":2}}},"1":{"name":"(anonymous_9)","decl":{"start":{"line":18,"column":69},"end":{"line":18,"column":null}},"loc":{"start":{"line":18,"column":69},"end":{"line":50,"column":1}}},"2":{"name":"(anonymous_10)","decl":{"start":{"line":35,"column":39},"end":{"line":35,"column":46}},"loc":{"start":{"line":35,"column":60},"end":{"line":43,"column":14}}},"3":{"name":"(anonymous_11)","decl":{"start":{"line":35,"column":60},"end":{"line":35,"column":null}},"loc":{"start":{"line":35,"column":60},"end":{"line":43,"column":13}}},"4":{"name":"(anonymous_12)","decl":{"start":{"line":52,"column":24},"end":{"line":52,"column":31}},"loc":{"start":{"line":52,"column":50},"end":{"line":68,"column":2}}},"5":{"name":"(anonymous_13)","decl":{"start":{"line":52,"column":50},"end":{"line":52,"column":null}},"loc":{"start":{"line":52,"column":50},"end":{"line":68,"column":1}}},"6":{"name":"(anonymous_14)","decl":{"start":{"line":60,"column":20},"end":{"line":60,"column":21}},"loc":{"start":{"line":60,"column":37},"end":{"line":60,"column":78}}},"7":{"name":"(anonymous_15)","decl":{"start":{"line":61,"column":17},"end":{"line":61,"column":18}},"loc":{"start":{"line":61,"column":34},"end":{"line":61,"column":45}}}},"branchMap":{"0":{"loc":{"start":{"line":20,"column":20},"end":{"line":20,"column":35}},"type":"cond-expr","locations":[{"start":{"line":20,"column":27},"end":{"line":20,"column":31}},{"start":{"line":20,"column":34},"end":{"line":20,"column":35}}]}},"s":{"0":1,"1":1,"2":1,"3":1,"4":1,"5":1,"6":5,"7":5,"8":5,"9":5,"10":5,"11":5,"12":4,"13":8,"14":8,"15":8,"16":4,"17":1,"18":1,"19":1,"20":1,"21":8,"22":8,"23":8,"24":8,"25":6,"26":12,"27":6,"28":6,"29":2,"30":2},"f":{"0":5,"1":5,"2":8,"3":8,"4":8,"5":8,"6":12,"7":6},"b":{"0":[4,1]}}
,"/Users/abdulrehan/Desktop/take-home-coding/src/middleware/validation/movieDetails.schema.ts": {"path":"/Users/abdulrehan/Desktop/take-home-coding/src/middleware/validation/movieDetails.schema.ts","statementMap":{"0":{"start":{"line":1,"column":0},"end":{"line":1,"column":22}},"1":{"start":{"line":3,"column":13},"end":{"line":15,"column":3}}},"fnMap":{},"branchMap":{},"s":{"0":1,"1":1},"f":{},"b":{}}
,"/Users/abdulrehan/Desktop/take-home-coding/src/middleware/validation/validate.middleware.ts": {"path":"/Users/abdulrehan/Desktop/take-home-coding/src/middleware/validation/validate.middleware.ts","statementMap":{"0":{"start":{"line":9,"column":31},"end":{"line":24,"column":1}},"1":{"start":{"line":10,"column":4},"end":{"line":23,"column":6}},"2":{"start":{"line":11,"column":26},"end":{"line":11,"column":79}},"3":{"start":{"line":13,"column":8},"end":{"line":20,"column":9}},"4":{"start":{"line":14,"column":27},"end":{"line":14,"column":66}},"5":{"start":{"line":14,"column":54},"end":{"line":14,"column":65}},"6":{"start":{"line":15,"column":12},"end":{"line":18,"column":15}},"7":{"start":{"line":19,"column":12},"end":{"line":19,"column":19}},"8":{"start":{"line":22,"column":8},"end":{"line":22,"column":15}},"9":{"start":{"line":9,"column":13},"end":{"line":9,"column":31}}},"fnMap":{"0":{"name":"(anonymous_0)","decl":{"start":{"line":9,"column":31},"end":{"line":9,"column":32}},"loc":{"start":{"line":9,"column":98},"end":{"line":24,"column":1}}},"1":{"name":"(anonymous_1)","decl":{"start":{"line":10,"column":11},"end":{"line":10,"column":12}},"loc":{"start":{"line":10,"column":69},"end":{"line":23,"column":5}}},"2":{"name":"(anonymous_2)","decl":{"start":{"line":14,"column":45},"end":{"line":14,"column":46}},"loc":{"start":{"line":14,"column":54},"end":{"line":14,"column":65}}}},"branchMap":{"0":{"loc":{"start":{"line":9,"column":48},"end":{"line":9,"column":94}},"type":"default-arg","locations":[{"start":{"line":9,"column":88},"end":{"line":9,"column":94}}]},"1":{"loc":{"start":{"line":13,"column":8},"end":{"line":20,"column":9}},"type":"if","locations":[{"start":{"line":13,"column":8},"end":{"line":20,"column":9}}]}},"s":{"0":1,"1":1,"2":5,"3":5,"4":0,"5":0,"6":0,"7":0,"8":5,"9":1},"f":{"0":1,"1":5,"2":0},"b":{"0":[0],"1":[0]}}
,"/Users/abdulrehan/Desktop/take-home-coding/src/routes/router.ts": {"path":"/Users/abdulrehan/Desktop/take-home-coding/src/routes/router.ts","statementMap":{"0":{"start":{"line":1,"column":0},"end":{"line":1,"column":33}},"1":{"start":{"line":2,"column":0},"end":{"line":2,"column":72}},"2":{"start":{"line":3,"column":0},"end":{"line":3,"column":85}},"3":{"start":{"line":4,"column":0},"end":{"line":4,"column":79}},"4":{"start":{"line":6,"column":15},"end":{"line":6,"column":23}},"5":{"start":{"line":8,"column":0},"end":{"line":8,"column":92}},"6":{"start":{"line":10,"column":0},"end":{"line":10,"column":22}}},"fnMap":{},"branchMap":{},"s":{"0":1,"1":1,"2":1,"3":1,"4":1,"5":1,"6":1},"f":{},"b":{}}
}
