TN:
SF:src/index.ts
FN:12,(anonymous_1)
FN:20,(anonymous_2)
FN:24,(anonymous_3)
FNF:3
FNH:1
FNDA:0,(anonymous_1)
FNDA:0,(anonymous_2)
FNDA:1,(anonymous_3)
DA:1,1
DA:2,1
DA:3,1
DA:5,1
DA:6,1
DA:8,1
DA:9,1
DA:12,1
DA:13,0
DA:14,0
DA:20,1
DA:21,0
DA:24,1
DA:25,1
DA:27,1
LF:15
LH:12
BRDA:14,0,0,0
BRDA:14,0,1,0
BRDA:15,1,0,0
BRDA:15,1,1,0
BRF:4
BRH:0
end_of_record
TN:
SF:src/config/config.ts
FNF:0
FNH:0
DA:1,1
DA:2,1
DA:4,1
LF:3
LH:3
BRDA:5,0,0,1
BRDA:5,0,1,1
BRF:2
BRH:2
end_of_record
TN:
SF:src/controller/movieDetails.controller.ts
FN:18,(anonymous_8)
FN:18,(anonymous_9)
FN:35,(anonymous_10)
FN:35,(anonymous_11)
FN:52,(anonymous_12)
FN:52,(anonymous_13)
FN:60,(anonymous_14)
FN:61,(anonymous_15)
FNF:8
FNH:8
FNDA:5,(anonymous_8)
FNDA:5,(anonymous_9)
FNDA:8,(anonymous_10)
FNDA:8,(anonymous_11)
FNDA:8,(anonymous_12)
FNDA:8,(anonymous_13)
FNDA:12,(anonymous_14)
FNDA:6,(anonymous_15)
DA:2,1
DA:3,1
DA:6,1
DA:10,1
DA:11,1
DA:18,5
DA:19,5
DA:20,5
DA:21,5
DA:28,5
DA:29,5
DA:34,4
DA:35,8
DA:36,8
DA:37,8
DA:45,4
DA:47,1
DA:48,1
DA:52,8
DA:53,8
DA:54,8
DA:55,8
DA:59,6
DA:60,12
DA:61,6
DA:63,6
DA:65,2
DA:66,2
LF:28
LH:28
BRDA:20,0,0,4
BRDA:20,0,1,1
BRF:2
BRH:2
end_of_record
TN:
SF:src/middleware/validation/movieDetails.schema.ts
FNF:0
FNH:0
DA:1,1
DA:3,1
LF:2
LH:2
BRF:0
BRH:0
end_of_record
TN:
SF:src/middleware/validation/validate.middleware.ts
FN:9,(anonymous_0)
FN:10,(anonymous_1)
FN:14,(anonymous_2)
FNF:3
FNH:2
FNDA:1,(anonymous_0)
FNDA:5,(anonymous_1)
FNDA:0,(anonymous_2)
DA:9,1
DA:10,1
DA:11,5
DA:13,5
DA:14,0
DA:15,0
DA:19,0
DA:22,5
LF:8
LH:5
BRDA:9,0,0,0
BRDA:13,1,0,0
BRF:2
BRH:0
end_of_record
TN:
SF:src/routes/router.ts
FNF:0
FNH:0
DA:1,1
DA:2,1
DA:3,1
DA:4,1
DA:6,1
DA:8,1
DA:10,1
LF:7
LH:7
BRF:0
BRH:0
end_of_record
